
> ai-marking@1.0.0 dev
> concurrently "npm run server" "npm run client"

[0] 
[0] > ai-marking@1.0.0 server
[0] > cd backend && npm run dev
[0] 
[1] 
[1] > ai-marking@1.0.0 client
[1] > cd frontend && npm start
[1] 
[0] 
[0] > ai-marking-backend@1.0.0 dev
[0] > cross-env NODE_OPTIONS=--no-deprecation nodemon --exec tsx --tsconfig tsconfig.dev.json server.ts
[0] 
[1] 
[1] > ai-marking-frontend@1.0.0 start
[1] > react-scripts start
[1] 
[1] (node:63149) [DEP0176] DeprecationWarning: fs.F_OK is deprecated, use fs.constants.F_OK instead
[1] (Use `node --trace-deprecation ...` to show where the warning was created)
[1] Browserslist: browsers data (caniuse-lite) is 7 months old. Please run:
[1]   npx update-browserslist-db@latest
[1]   Why you should do it regularly: https://github.com/browserslist/update-db#readme
[1] (node:63149) [DEP_WEBPACK_DEV_SERVER_ON_AFTER_SETUP_MIDDLEWARE] DeprecationWarning: 'onAfterSetupMiddleware' option is deprecated. Please use the 'setupMiddlewares' option.
[1] (node:63149) [DEP_WEBPACK_DEV_SERVER_ON_BEFORE_SETUP_MIDDLEWARE] DeprecationWarning: 'onBeforeSetupMiddleware' option is deprecated. Please use the 'setupMiddlewares' option.
[1] Starting the development server...
[1] 
[1] Compiled successfully!
[1] 
[1] You can now view ai-marking-frontend in the browser.
[1] 
[1]   Local:            http://localhost:3000
[1]   On Your Network:  http://192.168.2.181:3000
[1] 
[1] Note that the development build is not optimized.
[1] To create a production build, use npm run build.
[1] 
[1] webpack compiled successfully
[1] Files successfully emitted, waiting for typecheck results...
[1] Issues checking in progress...
[1] (node:63149) [DEP0060] DeprecationWarning: The `util._extend` API is deprecated. Please use Object.assign() instead.
[1] No issues found.
