
> ai-marking-backend@1.0.0 dev
> cross-env NODE_OPTIONS=--no-deprecation nodemon --exec tsx --tsconfig tsconfig.dev.json server.ts

[PERF] getUserUnifiedSessions: Fetch 281ms, Process 2ms for 50 docs
[PERF] GET /sessions/9mBfvniXTuMtQU8f0OnLhUK6aOv2 took 284ms for 50 sessions (limit: 50)
[PERF] getUserUnifiedSessions: Fetch 278ms, Process 1ms for 50 docs
[PERF] GET /sessions/all took 281ms for 50 sessions (limit: 50)
[PERF] GET /sessions/vd72SPb5ZBVAyiKEHVLgs847kqC2 took 43ms for 0 sessions (limit: 50)
[PERF] getUserUnifiedSessions: Fetch 272ms, Process 2ms for 50 docs
[PERF] GET /sessions/9mBfvniXTuMtQU8f0OnLhUK6aOv2 took 274ms for 50 sessions (limit: 50)
[PERF] getUserUnifiedSessions: Fetch 272ms, Process 2ms for 50 docs
[PERF] GET /sessions/all took 274ms for 50 sessions (limit: 50)
[PERF] getUserUnifiedSessions: Fetch 468ms, Process 2ms for 50 docs
[PERF] GET /sessions/9mBfvniXTuMtQU8f0OnLhUK6aOv2 took 470ms for 50 sessions (limit: 50)
[PERF] getUserUnifiedSessions: Fetch 288ms, Process 2ms for 50 docs
[PERF] GET /sessions/all took 290ms for 50 sessions (limit: 50)
[PERF] getUserUnifiedSessions: Fetch 388ms, Process 3ms for 50 docs
[PERF] GET /sessions/9mBfvniXTuMtQU8f0OnLhUK6aOv2 took 391ms for 50 sessions (limit: 50)
[PERF] getUserUnifiedSessions: Fetch 250ms, Process 2ms for 50 docs
[PERF] GET /sessions/all took 252ms for 50 sessions (limit: 50)
[PERF] getUserUnifiedSessions: Fetch 297ms, Process 3ms for 50 docs
[PERF] GET /sessions/9mBfvniXTuMtQU8f0OnLhUK6aOv2 took 300ms for 50 sessions (limit: 50)
[PERF] getUserUnifiedSessions: Fetch 575ms, Process 2ms for 50 docs
[PERF] GET /sessions/9mBfvniXTuMtQU8f0OnLhUK6aOv2 took 577ms for 50 sessions (limit: 50)
[PERF] getUserUnifiedSessions: Fetch 461ms, Process 2ms for 50 docs
[PERF] GET /sessions/9mBfvniXTuMtQU8f0OnLhUK6aOv2 took 463ms for 50 sessions (limit: 50)
[PERF] getUserUnifiedSessions: Fetch 545ms, Process 2ms for 50 docs
[PERF] GET /sessions/9mBfvniXTuMtQU8f0OnLhUK6aOv2 took 547ms for 50 sessions (limit: 50)
[PERF] getUserUnifiedSessions: Fetch 567ms, Process 3ms for 50 docs
[PERF] GET /sessions/9mBfvniXTuMtQU8f0OnLhUK6aOv2 took 570ms for 50 sessions (limit: 50)
[PERF] getUserUnifiedSessions: Fetch 463ms, Process 1ms for 50 docs
[PERF] GET /sessions/9mBfvniXTuMtQU8f0OnLhUK6aOv2 took 465ms for 50 sessions (limit: 50)
[PERF] getUserUnifiedSessions: Fetch 374ms, Process 1ms for 50 docs
[PERF] GET /sessions/9mBfvniXTuMtQU8f0OnLhUK6aOv2 took 375ms for 50 sessions (limit: 50)
[PERF] getUserUnifiedSessions: Fetch 120ms, Process 0ms for 10 docs
[PERF] GET /sessions/9mBfvniXTuMtQU8f0OnLhUK6aOv2 took 120ms for 10 sessions (limit: 10)
[PERF] getUserUnifiedSessions: Fetch 652ms, Process 2ms for 50 docs
[PERF] GET /sessions/9mBfvniXTuMtQU8f0OnLhUK6aOv2 took 654ms for 50 sessions (limit: 50)
[PERF] getUserUnifiedSessions: Fetch 536ms, Process 2ms for 50 docs
[PERF] GET /sessions/9mBfvniXTuMtQU8f0OnLhUK6aOv2 took 538ms for 50 sessions (limit: 50)
